quorvo_mdek1001_app/app/build/intermediates/manifest_merge_blame_file/debug/manifest-merger-blame-debug-report.txt
1<?xml version="1.0" encoding="utf-8"?>
2<!--
3  ~ LEAPS - Low Energy Accurate Positioning System.
4  ~
5  ~ Copyright (c) 2016-2017, LEAPS. All rights reserved.
6-->
7<manifest xmlns:android="http://schemas.android.com/apk/res/android"
8    package="com.decawave.argomanager"
9    android:versionCode="1045"
10    android:versionName="14" >
11
12    <uses-sdk
13        android:minSdkVersion="26"
13-->src\main\AndroidManifest.xml
14        android:targetSdkVersion="33" />
14-->src\main\AndroidManifest.xml
15
16    <!-- write external storage -->
17    <uses-permission android:name="android.permission.WRITE_EXTERNAL_STORAGE" />
17-->src\main\AndroidManifest.xml:14:5-80
17-->src\main\AndroidManifest.xml:14:22-78
18    <!-- vibrate -->
19    <uses-permission android:name="android.permission.VIBRATE" />
19-->src\main\AndroidManifest.xml:16:5-65
19-->src\main\AndroidManifest.xml:16:22-63
20    <!-- bluetooth -->
21    <uses-permission android:name="android.permission.BLUETOOTH" />
21-->src\main\AndroidManifest.xml:18:5-67
21-->src\main\AndroidManifest.xml:18:22-65
22    <!-- we want to be able to initiate a BLE connection -->
23    <uses-permission android:name="android.permission.BLUETOOTH_ADMIN" />
23-->src\main\AndroidManifest.xml:20:5-73
23-->src\main\AndroidManifest.xml:20:22-71
24    <!-- this is again related to BLE -->
25    <uses-permission android:name="android.permission.ACCESS_COARSE_LOCATION" />
25-->src\main\AndroidManifest.xml:22:5-80
25-->src\main\AndroidManifest.xml:22:22-78
26    <!-- this is again related to BLE -->
27    <uses-permission android:name="android.permission.ACCESS_FINE_LOCATION" />
27-->src\main\AndroidManifest.xml:24:5-78
27-->src\main\AndroidManifest.xml:24:22-76
28    <!-- internet permission -->
29    <uses-permission android:name="android.permission.INTERNET" />
29-->src\main\AndroidManifest.xml:26:5-67
29-->src\main\AndroidManifest.xml:26:22-64
30
31    <!-- restrict offering this app to BLE devices only -->
32    <uses-feature
32-->src\main\AndroidManifest.xml:29:5-89
33        android:name="android.hardware.bluetooth_le"
33-->src\main\AndroidManifest.xml:29:19-63
34        android:required="true" />
34-->src\main\AndroidManifest.xml:29:64-87
35
36    <!-- Although the *SdkVersion is captured in gradle build files, this is required for non gradle builds -->
37    <!-- <uses-sdk android:minSdkVersion="14"/> -->
38    <uses-permission android:name="android.permission.ACCESS_NETWORK_STATE" />
38-->[com.google.android.datatransport:transport-backend-cct:3.1.8] AndroidManifest.xml:24:5-79
38-->[com.google.android.datatransport:transport-backend-cct:3.1.8] AndroidManifest.xml:24:22-76
39    <uses-permission android:name="android.permission.WAKE_LOCK" />
39-->[com.google.android.gms:play-services-measurement:21.2.0] AndroidManifest.xml:25:5-68
39-->[com.google.android.gms:play-services-measurement:21.2.0] AndroidManifest.xml:25:22-65
40    <uses-permission android:name="com.google.android.finsky.permission.BIND_GET_INSTALL_REFERRER_SERVICE" />
40-->[com.google.android.gms:play-services-measurement:21.2.0] AndroidManifest.xml:26:5-110
40-->[com.google.android.gms:play-services-measurement:21.2.0] AndroidManifest.xml:26:22-107
41    <uses-permission android:name="com.google.android.gms.permission.AD_ID" />
41-->[com.google.android.gms:play-services-measurement-impl:21.2.0] AndroidManifest.xml:27:5-79
41-->[com.google.android.gms:play-services-measurement-impl:21.2.0] AndroidManifest.xml:27:22-76
42
43    <application
43-->src\main\AndroidManifest.xml:32:5-67:19
44        android:name="com.decawave.argomanager.ArgoApp"
44-->src\main\AndroidManifest.xml:33:9-56
45        android:allowBackup="false"
45-->src\main\AndroidManifest.xml:34:9-36
46        android:appComponentFactory="androidx.core.app.CoreComponentFactory"
46-->[androidx.core:core:1.3.2] AndroidManifest.xml:24:18-86
47        android:debuggable="true"
48        android:extractNativeLibs="false"
49        android:icon="@mipmap/ic_launcher"
49-->src\main\AndroidManifest.xml:35:9-43
50        android:label="@string/app_name"
50-->src\main\AndroidManifest.xml:36:9-41
51        android:supportsRtl="true"
51-->src\main\AndroidManifest.xml:37:9-35
52        android:testOnly="true"
53        android:theme="@style/AppTheme" >
53-->src\main\AndroidManifest.xml:38:9-40
54        <activity
54-->src\main\AndroidManifest.xml:41:9-53:20
55            android:name="com.decawave.argomanager.error.ui.MainActivity"
55-->src\main\AndroidManifest.xml:42:13-74
56            android:exported="true"
56-->src\main\AndroidManifest.xml:43:13-36
57            android:label="@string/app_name"
57-->src\main\AndroidManifest.xml:44:13-45
58            android:screenOrientation="nosensor"
58-->src\main\AndroidManifest.xml:45:13-49
59            android:theme="@style/AppTheme.NoActionBar"
59-->src\main\AndroidManifest.xml:47:13-56
60            android:windowSoftInputMode="adjustResize" >
60-->src\main\AndroidManifest.xml:46:13-55
61            <intent-filter>
61-->src\main\AndroidManifest.xml:48:13-52:29
62                <action android:name="android.intent.action.MAIN" />
62-->src\main\AndroidManifest.xml:49:17-69
62-->src\main\AndroidManifest.xml:49:25-66
63
64                <category android:name="android.intent.category.LAUNCHER" />
64-->src\main\AndroidManifest.xml:51:17-77
64-->src\main\AndroidManifest.xml:51:27-74
65            </intent-filter>
66        </activity>
67
68        <provider
68-->src\main\AndroidManifest.xml:55:9-65:20
69            android:name="android.support.v4.content.FileProvider"
69-->src\main\AndroidManifest.xml:56:13-67
70            android:authorities="com.decawave.argomanager"
70-->src\main\AndroidManifest.xml:57:13-59
71            android:exported="false"
71-->src\main\AndroidManifest.xml:58:13-37
72            android:grantUriPermissions="true" >
72-->src\main\AndroidManifest.xml:59:13-47
73            <meta-data
73-->src\main\AndroidManifest.xml:62:13-63:49
74                android:name="android.support.FILE_PROVIDER_PATHS"
74-->src\main\AndroidManifest.xml:62:24-74
75                android:resource="@xml/paths" />
75-->src\main\AndroidManifest.xml:63:17-46
76        </provider>
77
78        <service
78-->[com.google.firebase:firebase-crashlytics:18.3.2] AndroidManifest.xml:14:9-20:19
79            android:name="com.google.firebase.components.ComponentDiscoveryService"
79-->[com.google.firebase:firebase-crashlytics:18.3.2] AndroidManifest.xml:15:13-84
80            android:directBootAware="true"
80-->[com.google.firebase:firebase-common:20.2.0] AndroidManifest.xml:34:13-43
81            android:exported="false" >
81-->[com.google.firebase:firebase-crashlytics:18.3.2] AndroidManifest.xml:16:13-37
82            <meta-data
82-->[com.google.firebase:firebase-crashlytics:18.3.2] AndroidManifest.xml:17:13-19:85
83                android:name="com.google.firebase.components:com.google.firebase.crashlytics.CrashlyticsRegistrar"
83-->[com.google.firebase:firebase-crashlytics:18.3.2] AndroidManifest.xml:18:17-115
84                android:value="com.google.firebase.components.ComponentRegistrar" />
84-->[com.google.firebase:firebase-crashlytics:18.3.2] AndroidManifest.xml:19:17-82
85            <meta-data
85-->[com.google.android.gms:play-services-measurement-api:21.2.0] AndroidManifest.xml:31:13-33:85
86                android:name="com.google.firebase.components:com.google.firebase.analytics.connector.internal.AnalyticsConnectorRegistrar"
86-->[com.google.android.gms:play-services-measurement-api:21.2.0] AndroidManifest.xml:32:17-139
87                android:value="com.google.firebase.components.ComponentRegistrar" />
87-->[com.google.android.gms:play-services-measurement-api:21.2.0] AndroidManifest.xml:33:17-82
88            <meta-data
88-->[com.google.firebase:firebase-installations:17.1.0] AndroidManifest.xml:17:13-19:85
89                android:name="com.google.firebase.components:com.google.firebase.installations.FirebaseInstallationsRegistrar"
89-->[com.google.firebase:firebase-installations:17.1.0] AndroidManifest.xml:18:17-127
90                android:value="com.google.firebase.components.ComponentRegistrar" />
90-->[com.google.firebase:firebase-installations:17.1.0] AndroidManifest.xml:19:17-82
91        </service>
92        <service
92-->[com.google.android.datatransport:transport-backend-cct:3.1.8] AndroidManifest.xml:28:9-34:19
93            android:name="com.google.android.datatransport.runtime.backends.TransportBackendDiscovery"
93-->[com.google.android.datatransport:transport-backend-cct:3.1.8] AndroidManifest.xml:29:13-103
94            android:exported="false" >
94-->[com.google.android.datatransport:transport-backend-cct:3.1.8] AndroidManifest.xml:30:13-37
95            <meta-data
95-->[com.google.android.datatransport:transport-backend-cct:3.1.8] AndroidManifest.xml:31:13-33:39
96                android:name="backend:com.google.android.datatransport.cct.CctBackendFactory"
96-->[com.google.android.datatransport:transport-backend-cct:3.1.8] AndroidManifest.xml:32:17-94
97                android:value="cct" />
97-->[com.google.android.datatransport:transport-backend-cct:3.1.8] AndroidManifest.xml:33:17-36
98        </service>
99        <service
99-->[com.google.android.datatransport:transport-runtime:3.1.8] AndroidManifest.xml:26:9-30:19
100            android:name="com.google.android.datatransport.runtime.scheduling.jobscheduling.JobInfoSchedulerService"
100-->[com.google.android.datatransport:transport-runtime:3.1.8] AndroidManifest.xml:27:13-117
101            android:exported="false"
101-->[com.google.android.datatransport:transport-runtime:3.1.8] AndroidManifest.xml:28:13-37
102            android:permission="android.permission.BIND_JOB_SERVICE" >
102-->[com.google.android.datatransport:transport-runtime:3.1.8] AndroidManifest.xml:29:13-69
103        </service>
104
105        <receiver
105-->[com.google.android.datatransport:transport-runtime:3.1.8] AndroidManifest.xml:32:9-34:40
106            android:name="com.google.android.datatransport.runtime.scheduling.jobscheduling.AlarmManagerSchedulerBroadcastReceiver"
106-->[com.google.android.datatransport:transport-runtime:3.1.8] AndroidManifest.xml:33:13-132
107            android:exported="false" />
107-->[com.google.android.datatransport:transport-runtime:3.1.8] AndroidManifest.xml:34:13-37
108        <receiver
108-->[com.google.android.gms:play-services-measurement:21.2.0] AndroidManifest.xml:29:9-33:20
109            android:name="com.google.android.gms.measurement.AppMeasurementReceiver"
109-->[com.google.android.gms:play-services-measurement:21.2.0] AndroidManifest.xml:30:13-85
110            android:enabled="true"
110-->[com.google.android.gms:play-services-measurement:21.2.0] AndroidManifest.xml:31:13-35
111            android:exported="false" >
111-->[com.google.android.gms:play-services-measurement:21.2.0] AndroidManifest.xml:32:13-37
112        </receiver>
113
114        <service
114-->[com.google.android.gms:play-services-measurement:21.2.0] AndroidManifest.xml:35:9-38:40
115            android:name="com.google.android.gms.measurement.AppMeasurementService"
115-->[com.google.android.gms:play-services-measurement:21.2.0] AndroidManifest.xml:36:13-84
116            android:enabled="true"
116-->[com.google.android.gms:play-services-measurement:21.2.0] AndroidManifest.xml:37:13-35
117            android:exported="false" />
117-->[com.google.android.gms:play-services-measurement:21.2.0] AndroidManifest.xml:38:13-37
118        <service
118-->[com.google.android.gms:play-services-measurement:21.2.0] AndroidManifest.xml:39:9-43:72
119            android:name="com.google.android.gms.measurement.AppMeasurementJobService"
119-->[com.google.android.gms:play-services-measurement:21.2.0] AndroidManifest.xml:40:13-87
120            android:enabled="true"
120-->[com.google.android.gms:play-services-measurement:21.2.0] AndroidManifest.xml:41:13-35
121            android:exported="false"
121-->[com.google.android.gms:play-services-measurement:21.2.0] AndroidManifest.xml:42:13-37
122            android:permission="android.permission.BIND_JOB_SERVICE" />
122-->[com.google.android.gms:play-services-measurement:21.2.0] AndroidManifest.xml:43:13-69
123
124        <provider
124-->[com.google.firebase:firebase-common:20.2.0] AndroidManifest.xml:25:9-30:39
125            android:name="com.google.firebase.provider.FirebaseInitProvider"
125-->[com.google.firebase:firebase-common:20.2.0] AndroidManifest.xml:26:13-77
126            android:authorities="com.decawave.argomanager.firebaseinitprovider"
126-->[com.google.firebase:firebase-common:20.2.0] AndroidManifest.xml:27:13-72
127            android:directBootAware="true"
127-->[com.google.firebase:firebase-common:20.2.0] AndroidManifest.xml:28:13-43
128            android:exported="false"
128-->[com.google.firebase:firebase-common:20.2.0] AndroidManifest.xml:29:13-37
129            android:initOrder="100" />
129-->[com.google.firebase:firebase-common:20.2.0] AndroidManifest.xml:30:13-36
130
131        <meta-data
131-->[com.google.android.gms:play-services-basement:18.1.0] AndroidManifest.xml:21:9-23:69
132            android:name="com.google.android.gms.version"
132-->[com.google.android.gms:play-services-basement:18.1.0] AndroidManifest.xml:22:13-58
133            android:value="@integer/google_play_services_version" />
133-->[com.google.android.gms:play-services-basement:18.1.0] AndroidManifest.xml:23:13-66
134
135        <provider
135-->[androidx.lifecycle:lifecycle-process:2.0.0] AndroidManifest.xml:23:9-27:43
136            android:name="androidx.lifecycle.ProcessLifecycleOwnerInitializer"
136-->[androidx.lifecycle:lifecycle-process:2.0.0] AndroidManifest.xml:24:13-79
137            android:authorities="com.decawave.argomanager.lifecycle-process"
137-->[androidx.lifecycle:lifecycle-process:2.0.0] AndroidManifest.xml:25:13-69
138            android:exported="false"
138-->[androidx.lifecycle:lifecycle-process:2.0.0] AndroidManifest.xml:26:13-37
139            android:multiprocess="true" />
139-->[androidx.lifecycle:lifecycle-process:2.0.0] AndroidManifest.xml:27:13-40
140    </application>
141
142</manifest>